<?xml version="1.0" encoding="UTF-8"?>
<testng-results skipped="0" failed="0" ignored="0" total="1" passed="1">
  <reporter-output>
  </reporter-output>
  <suite name="Default suite" duration-ms="20928" started-at="2017-09-22T14:16:41Z" finished-at="2017-09-22T14:17:02Z">
    <groups>
    </groups>
    <test name="Default test" duration-ms="20928" started-at="2017-09-22T14:16:41Z" finished-at="2017-09-22T14:17:02Z">
      <class name="com.practice.macys.MacysTestCases">
        <test-method status="PASS" signature="setUp()[pri:0, instance:com.practice.macys.MacysTestCases@534a5a98]" name="setUp" is-config="true" duration-ms="6266" started-at="2017-09-22T10:16:41Z" finished-at="2017-09-22T10:16:48Z">
          <reporter-output>
          </reporter-output>
        </test-method> <!-- setUp -->
        <test-method status="PASS" signature="resultItemCount()[pri:0, instance:com.practice.macys.MacysTestCases@534a5a98]" name="resultItemCount" duration-ms="13948" started-at="2017-09-22T10:16:48Z" description="verify Result items count" finished-at="2017-09-22T10:17:01Z">
          <reporter-output>
          </reporter-output>
        </test-method> <!-- resultItemCount -->
        <test-method status="PASS" signature="closeDriver()[pri:0, instance:com.practice.macys.MacysTestCases@534a5a98]" name="closeDriver" is-config="true" duration-ms="688" started-at="2017-09-22T10:17:01Z" finished-at="2017-09-22T10:17:02Z">
          <reporter-output>
          </reporter-output>
        </test-method> <!-- closeDriver -->
      </class> <!-- com.practice.macys.MacysTestCases -->
    </test> <!-- Default test -->
  </suite> <!-- Default suite -->
</testng-results>
